[2019-04-03 05:02:28,086] TRACE [Broker id=1] Cached leader info PartitionState(controllerEpoch=35, leader=3, leaderEpoch=13, isr=[3], zkVersion=13, replicas=[3], offlineReplicas=[]) for partition __consumer_offsets-13 in response to UpdateMetadata request sent by controller 2 epoch 36 with correlation id 0 (state.change.logger)
[2019-04-03 05:02:28,087] TRACE [Broker id=1] Cached leader info PartitionState(controllerEpoch=35, leader=4, leaderEpoch=22, isr=[4], zkVersion=22, replicas=[4], offlineReplicas=[]) for partition __consumer_offsets-46 in response to UpdateMetadata request sent by controller 2 epoch 36 with correlation id 0 (state.change.logger)
[2019-04-03 05:02:28,087] TRACE [Broker id=1] Cached leader info PartitionState(controllerEpoch=35, leader=3, leaderEpoch=15, isr=[3], zkVersion=15, replicas=[3], offlineReplicas=[]) for partition __consumer_offsets-9 in response to UpdateMetadata request sent by controller 2 epoch 36 with correlation id 0 (state.change.logger)
[2019-04-03 05:02:28,087] TRACE [Broker id=1] Cached leader info PartitionState(controllerEpoch=35, leader=4, leaderEpoch=22, isr=[4], zkVersion=22, replicas=[4], offlineReplicas=[]) for partition __consumer_offsets-42 in response to UpdateMetadata request sent by controller 2 epoch 36 with correlation id 0 (state.change.logger)
[2019-04-03 05:02:28,088] TRACE [Broker id=1] Cached leader info PartitionState(controllerEpoch=35, leader=3, leaderEpoch=15, isr=[3], zkVersion=15, replicas=[3], offlineReplicas=[]) for partition __consumer_offsets-21 in response to UpdateMetadata request sent by controller 2 epoch 36 with correlation id 0 (state.change.logger)
[2019-04-03 05:02:28,088] TRACE [Broker id=1] Cached leader info PartitionState(controllerEpoch=35, leader=3, leaderEpoch=15, isr=[3], zkVersion=15, replicas=[3], offlineReplicas=[]) for partition __consumer_offsets-17 in response to UpdateMetadata request sent by controller 2 epoch 36 with correlation id 0 (state.change.logger)
[2019-04-03 05:02:28,088] TRACE [Broker id=1] Cached leader info PartitionState(controllerEpoch=36, leader=4, leaderEpoch=37, isr=[2, 3, 4, 1], zkVersion=84, replicas=[4, 1, 2, 3], offlineReplicas=[]) for partition mqtt-topic-1 in response to UpdateMetadata request sent by controller 2 epoch 36 with correlation id 0 (state.change.logger)
[2019-04-03 05:02:28,088] TRACE [Broker id=1] Cached leader info PartitionState(controllerEpoch=35, leader=4, leaderEpoch=22, isr=[4], zkVersion=22, replicas=[4], offlineReplicas=[]) for partition __consumer_offsets-30 in response to UpdateMetadata request sent by controller 2 epoch 36 with correlation id 0 (state.change.logger)
[2019-04-03 05:02:28,090] TRACE [Broker id=1] Cached leader info PartitionState(controllerEpoch=35, leader=4, leaderEpoch=22, isr=[4], zkVersion=22, replicas=[4], offlineReplicas=[]) for partition __consumer_offsets-26 in response to UpdateMetadata request sent by controller 2 epoch 36 with correlation id 0 (state.change.logger)
[2019-04-03 05:02:28,090] TRACE [Broker id=1] Cached leader info PartitionState(controllerEpoch=35, leader=3, leaderEpoch=13, isr=[3], zkVersion=13, replicas=[3], offlineReplicas=[]) for partition __consumer_offsets-5 in response to UpdateMetadata request sent by controller 2 epoch 36 with correlation id 0 (state.change.logger)
[2019-04-03 05:02:28,090] TRACE [Broker id=1] Cached leader info PartitionState(controllerEpoch=35, leader=4, leaderEpoch=22, isr=[4], zkVersion=22, replicas=[4], offlineReplicas=[]) for partition __consumer_offsets-38 in response to UpdateMetadata request sent by controller 2 epoch 36 with correlation id 0 (state.change.logger)
[2019-04-03 05:02:28,090] TRACE [Broker id=1] Cached leader info PartitionState(controllerEpoch=35, leader=3, leaderEpoch=13, isr=[3], zkVersion=13, replicas=[3], offlineReplicas=[]) for partition __consumer_offsets-1 in response to UpdateMetadata request sent by controller 2 epoch 36 with correlation id 0 (state.change.logger)
[2019-04-03 05:02:28,090] TRACE [Broker id=1] Cached leader info PartitionState(controllerEpoch=35, leader=4, leaderEpoch=22, isr=[4], zkVersion=22, replicas=[4], offlineReplicas=[]) for partition __consumer_offsets-34 in response to UpdateMetadata request sent by controller 2 epoch 36 with correlation id 0 (state.change.logger)
[2019-04-03 05:02:28,090] TRACE [Broker id=1] Cached leader info PartitionState(controllerEpoch=34, leader=2, leaderEpoch=17, isr=[2], zkVersion=17, replicas=[2], offlineReplicas=[]) for partition __consumer_offsets-16 in response to UpdateMetadata request sent by controller 2 epoch 36 with correlation id 0 (state.change.logger)
[2019-04-03 05:02:28,090] TRACE [Broker id=1] Cached leader info PartitionState(controllerEpoch=35, leader=3, leaderEpoch=13, isr=[3], zkVersion=13, replicas=[3], offlineReplicas=[]) for partition __consumer_offsets-45 in response to UpdateMetadata request sent by controller 2 epoch 36 with correlation id 0 (state.change.logger)
[2019-04-03 05:02:28,090] TRACE [Broker id=1] Cached leader info PartitionState(controllerEpoch=34, leader=2, leaderEpoch=17, isr=[2], zkVersion=17, replicas=[2], offlineReplicas=[]) for partition __consumer_offsets-12 in response to UpdateMetadata request sent by controller 2 epoch 36 with correlation id 0 (state.change.logger)
[2019-04-03 05:02:28,090] TRACE [Broker id=1] Cached leader info PartitionState(controllerEpoch=35, leader=3, leaderEpoch=15, isr=[3], zkVersion=15, replicas=[3], offlineReplicas=[]) for partition __consumer_offsets-41 in response to UpdateMetadata request sent by controller 2 epoch 36 with correlation id 0 (state.change.logger)
[2019-04-03 05:02:28,091] TRACE [Broker id=1] Cached leader info PartitionState(controllerEpoch=34, leader=2, leaderEpoch=17, isr=[2], zkVersion=17, replicas=[2], offlineReplicas=[]) for partition __consumer_offsets-24 in response to UpdateMetadata request sent by controller 2 epoch 36 with correlation id 0 (state.change.logger)
[2019-04-03 05:02:28,091] TRACE [Broker id=1] Cached leader info PartitionState(controllerEpoch=34, leader=2, leaderEpoch=17, isr=[2], zkVersion=17, replicas=[2], offlineReplicas=[]) for partition __consumer_offsets-20 in response to UpdateMetadata request sent by controller 2 epoch 36 with correlation id 0 (state.change.logger)
[2019-04-03 05:02:28,091] TRACE [Broker id=1] Cached leader info PartitionState(controllerEpoch=35, leader=3, leaderEpoch=15, isr=[3], zkVersion=15, replicas=[3], offlineReplicas=[]) for partition __consumer_offsets-49 in response to UpdateMetadata request sent by controller 2 epoch 36 with correlation id 0 (state.change.logger)
[2019-04-03 05:02:28,091] TRACE [Broker id=1] Cached leader info PartitionState(controllerEpoch=36, leader=3, leaderEpoch=36, isr=[2, 3, 4, 1], zkVersion=86, replicas=[3, 4, 1, 2], offlineReplicas=[]) for partition mqtt-topic-0 in response to UpdateMetadata request sent by controller 2 epoch 36 with correlation id 0 (state.change.logger)
[2019-04-03 05:02:28,091] TRACE [Broker id=1] Cached leader info PartitionState(controllerEpoch=34, leader=2, leaderEpoch=17, isr=[2], zkVersion=17, replicas=[2], offlineReplicas=[]) for partition __consumer_offsets-0 in response to UpdateMetadata request sent by controller 2 epoch 36 with correlation id 0 (state.change.logger)
[2019-04-03 05:02:28,091] TRACE [Broker id=1] Cached leader info PartitionState(controllerEpoch=35, leader=3, leaderEpoch=13, isr=[3], zkVersion=13, replicas=[3], offlineReplicas=[]) for partition __consumer_offsets-29 in response to UpdateMetadata request sent by controller 2 epoch 36 with correlation id 0 (state.change.logger)
[2019-04-03 05:02:28,091] TRACE [Broker id=1] Cached leader info PartitionState(controllerEpoch=35, leader=3, leaderEpoch=15, isr=[3], zkVersion=15, replicas=[3], offlineReplicas=[]) for partition __consumer_offsets-25 in response to UpdateMetadata request sent by controller 2 epoch 36 with correlation id 0 (state.change.logger)
[2019-04-03 05:02:28,091] TRACE [Broker id=1] Cached leader info PartitionState(controllerEpoch=34, leader=2, leaderEpoch=17, isr=[2], zkVersion=17, replicas=[2], offlineReplicas=[]) for partition __consumer_offsets-8 in response to UpdateMetadata request sent by controller 2 epoch 36 with correlation id 0 (state.change.logger)
[2019-04-03 05:02:28,091] TRACE [Broker id=1] Cached leader info PartitionState(controllerEpoch=35, leader=3, leaderEpoch=15, isr=[3], zkVersion=15, replicas=[3], offlineReplicas=[]) for partition __consumer_offsets-37 in response to UpdateMetadata request sent by controller 2 epoch 36 with correlation id 0 (state.change.logger)
[2019-04-03 05:02:28,092] TRACE [Broker id=1] Cached leader info PartitionState(controllerEpoch=34, leader=2, leaderEpoch=17, isr=[2], zkVersion=17, replicas=[2], offlineReplicas=[]) for partition __consumer_offsets-4 in response to UpdateMetadata request sent by controller 2 epoch 36 with correlation id 0 (state.change.logger)
[2019-04-03 05:02:28,092] TRACE [Broker id=1] Cached leader info PartitionState(controllerEpoch=35, leader=3, leaderEpoch=15, isr=[3], zkVersion=15, replicas=[3], offlineReplicas=[]) for partition __consumer_offsets-33 in response to UpdateMetadata request sent by controller 2 epoch 36 with correlation id 0 (state.change.logger)
[2019-04-03 05:02:28,092] TRACE [Broker id=1] Cached leader info PartitionState(controllerEpoch=36, leader=-1, leaderEpoch=33, isr=[1], zkVersion=33, replicas=[1], offlineReplicas=[]) for partition __consumer_offsets-15 in response to UpdateMetadata request sent by controller 2 epoch 36 with correlation id 0 (state.change.logger)
[2019-04-03 05:02:28,092] TRACE [Broker id=1] Cached leader info PartitionState(controllerEpoch=34, leader=2, leaderEpoch=17, isr=[2], zkVersion=17, replicas=[2], offlineReplicas=[]) for partition __consumer_offsets-48 in response to UpdateMetadata request sent by controller 2 epoch 36 with correlation id 0 (state.change.logger)
[2019-04-03 05:02:28,092] TRACE [Broker id=1] Cached leader info PartitionState(controllerEpoch=36, leader=-1, leaderEpoch=33, isr=[1], zkVersion=33, replicas=[1], offlineReplicas=[]) for partition __consumer_offsets-11 in response to UpdateMetadata request sent by controller 2 epoch 36 with correlation id 0 (state.change.logger)
[2019-04-03 05:02:28,092] TRACE [Broker id=1] Cached leader info PartitionState(controllerEpoch=34, leader=2, leaderEpoch=17, isr=[2], zkVersion=17, replicas=[2], offlineReplicas=[]) for partition __consumer_offsets-44 in response to UpdateMetadata request sent by controller 2 epoch 36 with correlation id 0 (state.change.logger)
[2019-04-03 05:02:28,092] TRACE [Broker id=1] Cached leader info PartitionState(controllerEpoch=36, leader=-1, leaderEpoch=33, isr=[1], zkVersion=33, replicas=[1], offlineReplicas=[]) for partition __consumer_offsets-23 in response to UpdateMetadata request sent by controller 2 epoch 36 with correlation id 0 (state.change.logger)
[2019-04-03 05:02:28,092] TRACE [Broker id=1] Cached leader info PartitionState(controllerEpoch=36, leader=-1, leaderEpoch=33, isr=[1], zkVersion=33, replicas=[1], offlineReplicas=[]) for partition __consumer_offsets-19 in response to UpdateMetadata request sent by controller 2 epoch 36 with correlation id 0 (state.change.logger)
[2019-04-03 05:02:28,092] TRACE [Broker id=1] Cached leader info PartitionState(controllerEpoch=34, leader=2, leaderEpoch=17, isr=[2], zkVersion=17, replicas=[2], offlineReplicas=[]) for partition __consumer_offsets-32 in response to UpdateMetadata request sent by controller 2 epoch 36 with correlation id 0 (state.change.logger)
[2019-04-03 05:02:28,092] TRACE [Broker id=1] Cached leader info PartitionState(controllerEpoch=36, leader=2, leaderEpoch=36, isr=[2, 3, 4, 1], zkVersion=79, replicas=[2, 3, 4, 1], offlineReplicas=[]) for partition mqtt-topic-3 in response to UpdateMetadata request sent by controller 2 epoch 36 with correlation id 0 (state.change.logger)
[2019-04-03 05:02:28,093] TRACE [Broker id=1] Cached leader info PartitionState(controllerEpoch=34, leader=2, leaderEpoch=17, isr=[2], zkVersion=17, replicas=[2], offlineReplicas=[]) for partition __consumer_offsets-28 in response to UpdateMetadata request sent by controller 2 epoch 36 with correlation id 0 (state.change.logger)
[2019-04-03 05:02:28,093] TRACE [Broker id=1] Cached leader info PartitionState(controllerEpoch=36, leader=-1, leaderEpoch=33, isr=[1], zkVersion=33, replicas=[1], offlineReplicas=[]) for partition __consumer_offsets-7 in response to UpdateMetadata request sent by controller 2 epoch 36 with correlation id 0 (state.change.logger)
[2019-04-03 05:02:28,093] TRACE [Broker id=1] Cached leader info PartitionState(controllerEpoch=34, leader=2, leaderEpoch=17, isr=[2], zkVersion=17, replicas=[2], offlineReplicas=[]) for partition __consumer_offsets-40 in response to UpdateMetadata request sent by controller 2 epoch 36 with correlation id 0 (state.change.logger)
[2019-04-03 05:02:28,093] TRACE [Broker id=1] Cached leader info PartitionState(controllerEpoch=36, leader=-1, leaderEpoch=33, isr=[1], zkVersion=33, replicas=[1], offlineReplicas=[]) for partition __consumer_offsets-3 in response to UpdateMetadata request sent by controller 2 epoch 36 with correlation id 0 (state.change.logger)
[2019-04-03 05:02:28,093] TRACE [Broker id=1] Cached leader info PartitionState(controllerEpoch=34, leader=2, leaderEpoch=17, isr=[2], zkVersion=17, replicas=[2], offlineReplicas=[]) for partition __consumer_offsets-36 in response to UpdateMetadata request sent by controller 2 epoch 36 with correlation id 0 (state.change.logger)
[2019-04-03 05:02:28,093] TRACE [Broker id=1] Cached leader info PartitionState(controllerEpoch=36, leader=-1, leaderEpoch=33, isr=[1], zkVersion=33, replicas=[1], offlineReplicas=[]) for partition __consumer_offsets-47 in response to UpdateMetadata request sent by controller 2 epoch 36 with correlation id 0 (state.change.logger)
[2019-04-03 05:02:28,098] TRACE [Broker id=1] Cached leader info PartitionState(controllerEpoch=35, leader=4, leaderEpoch=22, isr=[4], zkVersion=22, replicas=[4], offlineReplicas=[]) for partition __consumer_offsets-14 in response to UpdateMetadata request sent by controller 2 epoch 36 with correlation id 0 (state.change.logger)
[2019-04-03 05:02:28,098] TRACE [Broker id=1] Cached leader info PartitionState(controllerEpoch=36, leader=-1, leaderEpoch=33, isr=[1], zkVersion=33, replicas=[1], offlineReplicas=[]) for partition __consumer_offsets-43 in response to UpdateMetadata request sent by controller 2 epoch 36 with correlation id 0 (state.change.logger)
[2019-04-03 05:02:28,098] TRACE [Broker id=1] Cached leader info PartitionState(controllerEpoch=35, leader=4, leaderEpoch=22, isr=[4], zkVersion=22, replicas=[4], offlineReplicas=[]) for partition __consumer_offsets-10 in response to UpdateMetadata request sent by controller 2 epoch 36 with correlation id 0 (state.change.logger)
[2019-04-03 05:02:28,098] TRACE [Broker id=1] Cached leader info PartitionState(controllerEpoch=35, leader=4, leaderEpoch=22, isr=[4], zkVersion=22, replicas=[4], offlineReplicas=[]) for partition __consumer_offsets-22 in response to UpdateMetadata request sent by controller 2 epoch 36 with correlation id 0 (state.change.logger)
[2019-04-03 05:02:28,098] TRACE [Broker id=1] Cached leader info PartitionState(controllerEpoch=35, leader=4, leaderEpoch=22, isr=[4], zkVersion=22, replicas=[4], offlineReplicas=[]) for partition __consumer_offsets-18 in response to UpdateMetadata request sent by controller 2 epoch 36 with correlation id 0 (state.change.logger)
[2019-04-03 05:02:28,099] TRACE [Broker id=1] Cached leader info PartitionState(controllerEpoch=36, leader=-1, leaderEpoch=33, isr=[1], zkVersion=33, replicas=[1], offlineReplicas=[]) for partition __consumer_offsets-31 in response to UpdateMetadata request sent by controller 2 epoch 36 with correlation id 0 (state.change.logger)
[2019-04-03 05:02:28,099] TRACE [Broker id=1] Cached leader info PartitionState(controllerEpoch=36, leader=2, leaderEpoch=36, isr=[2, 3, 4, 1], zkVersion=79, replicas=[1, 2, 3, 4], offlineReplicas=[]) for partition mqtt-topic-2 in response to UpdateMetadata request sent by controller 2 epoch 36 with correlation id 0 (state.change.logger)
[2019-04-03 05:02:28,099] TRACE [Broker id=1] Cached leader info PartitionState(controllerEpoch=36, leader=-1, leaderEpoch=33, isr=[1], zkVersion=33, replicas=[1], offlineReplicas=[]) for partition __consumer_offsets-27 in response to UpdateMetadata request sent by controller 2 epoch 36 with correlation id 0 (state.change.logger)
[2019-04-03 05:02:28,099] TRACE [Broker id=1] Cached leader info PartitionState(controllerEpoch=36, leader=-1, leaderEpoch=33, isr=[1], zkVersion=33, replicas=[1], offlineReplicas=[]) for partition __consumer_offsets-39 in response to UpdateMetadata request sent by controller 2 epoch 36 with correlation id 0 (state.change.logger)
[2019-04-03 05:02:28,099] TRACE [Broker id=1] Cached leader info PartitionState(controllerEpoch=35, leader=4, leaderEpoch=22, isr=[4], zkVersion=22, replicas=[4], offlineReplicas=[]) for partition __consumer_offsets-6 in response to UpdateMetadata request sent by controller 2 epoch 36 with correlation id 0 (state.change.logger)
[2019-04-03 05:02:28,099] TRACE [Broker id=1] Cached leader info PartitionState(controllerEpoch=36, leader=-1, leaderEpoch=33, isr=[1], zkVersion=33, replicas=[1], offlineReplicas=[]) for partition __consumer_offsets-35 in response to UpdateMetadata request sent by controller 2 epoch 36 with correlation id 0 (state.change.logger)
[2019-04-03 05:02:28,099] TRACE [Broker id=1] Cached leader info PartitionState(controllerEpoch=35, leader=4, leaderEpoch=22, isr=[4], zkVersion=22, replicas=[4], offlineReplicas=[]) for partition __consumer_offsets-2 in response to UpdateMetadata request sent by controller 2 epoch 36 with correlation id 0 (state.change.logger)
[2019-04-03 05:02:28,328] TRACE [Broker id=1] Received LeaderAndIsr request PartitionState(controllerEpoch=36, leader=-1, leaderEpoch=33, isr=1, zkVersion=33, replicas=1, isNew=false) correlation id 1 from controller 2 epoch 36 for partition __consumer_offsets-15 (state.change.logger)
[2019-04-03 05:02:28,329] TRACE [Broker id=1] Received LeaderAndIsr request PartitionState(controllerEpoch=36, leader=-1, leaderEpoch=33, isr=1, zkVersion=33, replicas=1, isNew=false) correlation id 1 from controller 2 epoch 36 for partition __consumer_offsets-47 (state.change.logger)
[2019-04-03 05:02:28,329] TRACE [Broker id=1] Received LeaderAndIsr request PartitionState(controllerEpoch=36, leader=-1, leaderEpoch=33, isr=1, zkVersion=33, replicas=1, isNew=false) correlation id 1 from controller 2 epoch 36 for partition __consumer_offsets-43 (state.change.logger)
[2019-04-03 05:02:28,329] TRACE [Broker id=1] Received LeaderAndIsr request PartitionState(controllerEpoch=36, leader=-1, leaderEpoch=33, isr=1, zkVersion=33, replicas=1, isNew=false) correlation id 1 from controller 2 epoch 36 for partition __consumer_offsets-11 (state.change.logger)
[2019-04-03 05:02:28,329] TRACE [Broker id=1] Received LeaderAndIsr request PartitionState(controllerEpoch=36, leader=-1, leaderEpoch=33, isr=1, zkVersion=33, replicas=1, isNew=false) correlation id 1 from controller 2 epoch 36 for partition __consumer_offsets-23 (state.change.logger)
[2019-04-03 05:02:28,329] TRACE [Broker id=1] Received LeaderAndIsr request PartitionState(controllerEpoch=36, leader=-1, leaderEpoch=33, isr=1, zkVersion=33, replicas=1, isNew=false) correlation id 1 from controller 2 epoch 36 for partition __consumer_offsets-19 (state.change.logger)
[2019-04-03 05:02:28,329] TRACE [Broker id=1] Received LeaderAndIsr request PartitionState(controllerEpoch=36, leader=4, leaderEpoch=37, isr=2,3,4,1, zkVersion=84, replicas=4,1,2,3, isNew=false) correlation id 1 from controller 2 epoch 36 for partition mqtt-topic-1 (state.change.logger)
[2019-04-03 05:02:28,329] TRACE [Broker id=1] Received LeaderAndIsr request PartitionState(controllerEpoch=36, leader=-1, leaderEpoch=33, isr=1, zkVersion=33, replicas=1, isNew=false) correlation id 1 from controller 2 epoch 36 for partition __consumer_offsets-31 (state.change.logger)
[2019-04-03 05:02:28,330] TRACE [Broker id=1] Received LeaderAndIsr request PartitionState(controllerEpoch=36, leader=3, leaderEpoch=36, isr=2,3,4,1, zkVersion=86, replicas=3,4,1,2, isNew=false) correlation id 1 from controller 2 epoch 36 for partition mqtt-topic-0 (state.change.logger)
[2019-04-03 05:02:28,330] TRACE [Broker id=1] Received LeaderAndIsr request PartitionState(controllerEpoch=36, leader=2, leaderEpoch=36, isr=2,3,4,1, zkVersion=79, replicas=2,3,4,1, isNew=false) correlation id 1 from controller 2 epoch 36 for partition mqtt-topic-3 (state.change.logger)
[2019-04-03 05:02:28,330] TRACE [Broker id=1] Received LeaderAndIsr request PartitionState(controllerEpoch=36, leader=2, leaderEpoch=36, isr=2,3,4,1, zkVersion=79, replicas=1,2,3,4, isNew=false) correlation id 1 from controller 2 epoch 36 for partition mqtt-topic-2 (state.change.logger)
[2019-04-03 05:02:28,330] TRACE [Broker id=1] Received LeaderAndIsr request PartitionState(controllerEpoch=36, leader=-1, leaderEpoch=33, isr=1, zkVersion=33, replicas=1, isNew=false) correlation id 1 from controller 2 epoch 36 for partition __consumer_offsets-27 (state.change.logger)
[2019-04-03 05:02:28,330] TRACE [Broker id=1] Received LeaderAndIsr request PartitionState(controllerEpoch=36, leader=-1, leaderEpoch=33, isr=1, zkVersion=33, replicas=1, isNew=false) correlation id 1 from controller 2 epoch 36 for partition __consumer_offsets-7 (state.change.logger)
[2019-04-03 05:02:28,330] TRACE [Broker id=1] Received LeaderAndIsr request PartitionState(controllerEpoch=36, leader=-1, leaderEpoch=33, isr=1, zkVersion=33, replicas=1, isNew=false) correlation id 1 from controller 2 epoch 36 for partition __consumer_offsets-39 (state.change.logger)
[2019-04-03 05:02:28,330] TRACE [Broker id=1] Received LeaderAndIsr request PartitionState(controllerEpoch=36, leader=-1, leaderEpoch=33, isr=1, zkVersion=33, replicas=1, isNew=false) correlation id 1 from controller 2 epoch 36 for partition __consumer_offsets-35 (state.change.logger)
[2019-04-03 05:02:28,330] TRACE [Broker id=1] Received LeaderAndIsr request PartitionState(controllerEpoch=36, leader=-1, leaderEpoch=33, isr=1, zkVersion=33, replicas=1, isNew=false) correlation id 1 from controller 2 epoch 36 for partition __consumer_offsets-3 (state.change.logger)
[2019-04-03 05:02:28,331] TRACE [Broker id=1] Handling LeaderAndIsr request correlationId 1 from controller 2 epoch 36 starting the become-follower transition for partition __consumer_offsets-7 with leader -1 (state.change.logger)
[2019-04-03 05:02:28,331] TRACE [Broker id=1] Handling LeaderAndIsr request correlationId 1 from controller 2 epoch 36 starting the become-follower transition for partition __consumer_offsets-23 with leader -1 (state.change.logger)
[2019-04-03 05:02:28,331] TRACE [Broker id=1] Handling LeaderAndIsr request correlationId 1 from controller 2 epoch 36 starting the become-follower transition for partition __consumer_offsets-39 with leader -1 (state.change.logger)
[2019-04-03 05:02:28,332] TRACE [Broker id=1] Handling LeaderAndIsr request correlationId 1 from controller 2 epoch 36 starting the become-follower transition for partition mqtt-topic-1 with leader 4 (state.change.logger)
[2019-04-03 05:02:28,332] TRACE [Broker id=1] Handling LeaderAndIsr request correlationId 1 from controller 2 epoch 36 starting the become-follower transition for partition __consumer_offsets-11 with leader -1 (state.change.logger)
[2019-04-03 05:02:28,332] TRACE [Broker id=1] Handling LeaderAndIsr request correlationId 1 from controller 2 epoch 36 starting the become-follower transition for partition __consumer_offsets-27 with leader -1 (state.change.logger)
[2019-04-03 05:02:28,332] TRACE [Broker id=1] Handling LeaderAndIsr request correlationId 1 from controller 2 epoch 36 starting the become-follower transition for partition mqtt-topic-2 with leader 2 (state.change.logger)
[2019-04-03 05:02:28,332] TRACE [Broker id=1] Handling LeaderAndIsr request correlationId 1 from controller 2 epoch 36 starting the become-follower transition for partition __consumer_offsets-43 with leader -1 (state.change.logger)
[2019-04-03 05:02:28,334] TRACE [Broker id=1] Handling LeaderAndIsr request correlationId 1 from controller 2 epoch 36 starting the become-follower transition for partition __consumer_offsets-15 with leader -1 (state.change.logger)
[2019-04-03 05:02:28,334] TRACE [Broker id=1] Handling LeaderAndIsr request correlationId 1 from controller 2 epoch 36 starting the become-follower transition for partition __consumer_offsets-31 with leader -1 (state.change.logger)
[2019-04-03 05:02:28,334] TRACE [Broker id=1] Handling LeaderAndIsr request correlationId 1 from controller 2 epoch 36 starting the become-follower transition for partition __consumer_offsets-47 with leader -1 (state.change.logger)
[2019-04-03 05:02:28,334] TRACE [Broker id=1] Handling LeaderAndIsr request correlationId 1 from controller 2 epoch 36 starting the become-follower transition for partition __consumer_offsets-19 with leader -1 (state.change.logger)
[2019-04-03 05:02:28,334] TRACE [Broker id=1] Handling LeaderAndIsr request correlationId 1 from controller 2 epoch 36 starting the become-follower transition for partition mqtt-topic-3 with leader 2 (state.change.logger)
[2019-04-03 05:02:28,334] TRACE [Broker id=1] Handling LeaderAndIsr request correlationId 1 from controller 2 epoch 36 starting the become-follower transition for partition mqtt-topic-0 with leader 3 (state.change.logger)
[2019-04-03 05:02:28,334] TRACE [Broker id=1] Handling LeaderAndIsr request correlationId 1 from controller 2 epoch 36 starting the become-follower transition for partition __consumer_offsets-35 with leader -1 (state.change.logger)
[2019-04-03 05:02:28,334] TRACE [Broker id=1] Handling LeaderAndIsr request correlationId 1 from controller 2 epoch 36 starting the become-follower transition for partition __consumer_offsets-3 with leader -1 (state.change.logger)
[2019-04-03 05:02:28,335] ERROR [Broker id=1] Received LeaderAndIsrRequest with correlation id 1 from controller 2 epoch 36 for partition __consumer_offsets-7 (last update controller epoch 36) but cannot become follower since the new leader -1 is unavailable. (state.change.logger)
[2019-04-03 05:02:28,335] ERROR [Broker id=1] Received LeaderAndIsrRequest with correlation id 1 from controller 2 epoch 36 for partition __consumer_offsets-23 (last update controller epoch 36) but cannot become follower since the new leader -1 is unavailable. (state.change.logger)
[2019-04-03 05:02:28,335] ERROR [Broker id=1] Received LeaderAndIsrRequest with correlation id 1 from controller 2 epoch 36 for partition __consumer_offsets-39 (last update controller epoch 36) but cannot become follower since the new leader -1 is unavailable. (state.change.logger)
[2019-04-03 05:02:28,336] ERROR [Broker id=1] Received LeaderAndIsrRequest with correlation id 1 from controller 2 epoch 36 for partition __consumer_offsets-11 (last update controller epoch 36) but cannot become follower since the new leader -1 is unavailable. (state.change.logger)
[2019-04-03 05:02:28,336] ERROR [Broker id=1] Received LeaderAndIsrRequest with correlation id 1 from controller 2 epoch 36 for partition __consumer_offsets-27 (last update controller epoch 36) but cannot become follower since the new leader -1 is unavailable. (state.change.logger)
[2019-04-03 05:02:28,337] ERROR [Broker id=1] Received LeaderAndIsrRequest with correlation id 1 from controller 2 epoch 36 for partition __consumer_offsets-43 (last update controller epoch 36) but cannot become follower since the new leader -1 is unavailable. (state.change.logger)
[2019-04-03 05:02:28,337] ERROR [Broker id=1] Received LeaderAndIsrRequest with correlation id 1 from controller 2 epoch 36 for partition __consumer_offsets-15 (last update controller epoch 36) but cannot become follower since the new leader -1 is unavailable. (state.change.logger)
[2019-04-03 05:02:28,337] ERROR [Broker id=1] Received LeaderAndIsrRequest with correlation id 1 from controller 2 epoch 36 for partition __consumer_offsets-31 (last update controller epoch 36) but cannot become follower since the new leader -1 is unavailable. (state.change.logger)
[2019-04-03 05:02:28,337] ERROR [Broker id=1] Received LeaderAndIsrRequest with correlation id 1 from controller 2 epoch 36 for partition __consumer_offsets-47 (last update controller epoch 36) but cannot become follower since the new leader -1 is unavailable. (state.change.logger)
[2019-04-03 05:02:28,337] ERROR [Broker id=1] Received LeaderAndIsrRequest with correlation id 1 from controller 2 epoch 36 for partition __consumer_offsets-19 (last update controller epoch 36) but cannot become follower since the new leader -1 is unavailable. (state.change.logger)
[2019-04-03 05:02:28,342] ERROR [Broker id=1] Received LeaderAndIsrRequest with correlation id 1 from controller 2 epoch 36 for partition __consumer_offsets-35 (last update controller epoch 36) but cannot become follower since the new leader -1 is unavailable. (state.change.logger)
[2019-04-03 05:02:28,342] ERROR [Broker id=1] Received LeaderAndIsrRequest with correlation id 1 from controller 2 epoch 36 for partition __consumer_offsets-3 (last update controller epoch 36) but cannot become follower since the new leader -1 is unavailable. (state.change.logger)
[2019-04-03 05:02:28,482] TRACE [Broker id=1] Stopped fetchers as part of become-follower request from controller 2 epoch 36 with correlation id 1 for partition mqtt-topic-1 with leader 4 (state.change.logger)
[2019-04-03 05:02:28,482] TRACE [Broker id=1] Stopped fetchers as part of become-follower request from controller 2 epoch 36 with correlation id 1 for partition mqtt-topic-0 with leader 3 (state.change.logger)
[2019-04-03 05:02:28,482] TRACE [Broker id=1] Stopped fetchers as part of become-follower request from controller 2 epoch 36 with correlation id 1 for partition mqtt-topic-3 with leader 2 (state.change.logger)
[2019-04-03 05:02:28,482] TRACE [Broker id=1] Stopped fetchers as part of become-follower request from controller 2 epoch 36 with correlation id 1 for partition mqtt-topic-2 with leader 2 (state.change.logger)
[2019-04-03 05:02:28,482] TRACE [Broker id=1] Truncated logs and checkpointed recovery boundaries for partition mqtt-topic-1 as part of become-follower request with correlation id 1 from controller 2 epoch 36 with leader 4 (state.change.logger)
[2019-04-03 05:02:28,482] TRACE [Broker id=1] Truncated logs and checkpointed recovery boundaries for partition mqtt-topic-0 as part of become-follower request with correlation id 1 from controller 2 epoch 36 with leader 3 (state.change.logger)
[2019-04-03 05:02:28,483] TRACE [Broker id=1] Truncated logs and checkpointed recovery boundaries for partition mqtt-topic-3 as part of become-follower request with correlation id 1 from controller 2 epoch 36 with leader 2 (state.change.logger)
[2019-04-03 05:02:28,483] TRACE [Broker id=1] Truncated logs and checkpointed recovery boundaries for partition mqtt-topic-2 as part of become-follower request with correlation id 1 from controller 2 epoch 36 with leader 2 (state.change.logger)
[2019-04-03 05:02:28,847] TRACE [Broker id=1] Started fetcher to new leader as part of become-follower request from controller 2 epoch 36 with correlation id 1 for partition mqtt-topic-1 with leader 4 (state.change.logger)
[2019-04-03 05:02:28,847] TRACE [Broker id=1] Started fetcher to new leader as part of become-follower request from controller 2 epoch 36 with correlation id 1 for partition mqtt-topic-0 with leader 3 (state.change.logger)
[2019-04-03 05:02:28,847] TRACE [Broker id=1] Started fetcher to new leader as part of become-follower request from controller 2 epoch 36 with correlation id 1 for partition mqtt-topic-3 with leader 2 (state.change.logger)
[2019-04-03 05:02:28,847] TRACE [Broker id=1] Started fetcher to new leader as part of become-follower request from controller 2 epoch 36 with correlation id 1 for partition mqtt-topic-2 with leader 2 (state.change.logger)
[2019-04-03 05:02:28,847] TRACE [Broker id=1] Completed LeaderAndIsr request correlationId 1 from controller 2 epoch 36 for the become-follower transition for partition __consumer_offsets-7 with leader -1 (state.change.logger)
[2019-04-03 05:02:28,848] TRACE [Broker id=1] Completed LeaderAndIsr request correlationId 1 from controller 2 epoch 36 for the become-follower transition for partition __consumer_offsets-23 with leader -1 (state.change.logger)
[2019-04-03 05:02:28,848] TRACE [Broker id=1] Completed LeaderAndIsr request correlationId 1 from controller 2 epoch 36 for the become-follower transition for partition __consumer_offsets-39 with leader -1 (state.change.logger)
[2019-04-03 05:02:28,848] TRACE [Broker id=1] Completed LeaderAndIsr request correlationId 1 from controller 2 epoch 36 for the become-follower transition for partition mqtt-topic-1 with leader 4 (state.change.logger)
[2019-04-03 05:02:28,848] TRACE [Broker id=1] Completed LeaderAndIsr request correlationId 1 from controller 2 epoch 36 for the become-follower transition for partition __consumer_offsets-11 with leader -1 (state.change.logger)
[2019-04-03 05:02:28,848] TRACE [Broker id=1] Completed LeaderAndIsr request correlationId 1 from controller 2 epoch 36 for the become-follower transition for partition __consumer_offsets-27 with leader -1 (state.change.logger)
[2019-04-03 05:02:28,848] TRACE [Broker id=1] Completed LeaderAndIsr request correlationId 1 from controller 2 epoch 36 for the become-follower transition for partition mqtt-topic-2 with leader 2 (state.change.logger)
[2019-04-03 05:02:28,857] TRACE [Broker id=1] Completed LeaderAndIsr request correlationId 1 from controller 2 epoch 36 for the become-follower transition for partition __consumer_offsets-43 with leader -1 (state.change.logger)
[2019-04-03 05:02:28,857] TRACE [Broker id=1] Completed LeaderAndIsr request correlationId 1 from controller 2 epoch 36 for the become-follower transition for partition __consumer_offsets-15 with leader -1 (state.change.logger)
[2019-04-03 05:02:28,857] TRACE [Broker id=1] Completed LeaderAndIsr request correlationId 1 from controller 2 epoch 36 for the become-follower transition for partition __consumer_offsets-31 with leader -1 (state.change.logger)
[2019-04-03 05:02:28,857] TRACE [Broker id=1] Completed LeaderAndIsr request correlationId 1 from controller 2 epoch 36 for the become-follower transition for partition __consumer_offsets-47 with leader -1 (state.change.logger)
[2019-04-03 05:02:28,857] TRACE [Broker id=1] Completed LeaderAndIsr request correlationId 1 from controller 2 epoch 36 for the become-follower transition for partition __consumer_offsets-19 with leader -1 (state.change.logger)
[2019-04-03 05:02:28,857] TRACE [Broker id=1] Completed LeaderAndIsr request correlationId 1 from controller 2 epoch 36 for the become-follower transition for partition mqtt-topic-3 with leader 2 (state.change.logger)
[2019-04-03 05:02:28,857] TRACE [Broker id=1] Completed LeaderAndIsr request correlationId 1 from controller 2 epoch 36 for the become-follower transition for partition mqtt-topic-0 with leader 3 (state.change.logger)
[2019-04-03 05:02:28,857] TRACE [Broker id=1] Completed LeaderAndIsr request correlationId 1 from controller 2 epoch 36 for the become-follower transition for partition __consumer_offsets-35 with leader -1 (state.change.logger)
[2019-04-03 05:02:28,857] TRACE [Broker id=1] Completed LeaderAndIsr request correlationId 1 from controller 2 epoch 36 for the become-follower transition for partition __consumer_offsets-3 with leader -1 (state.change.logger)
[2019-04-03 05:02:28,960] TRACE [Broker id=1] Cached leader info PartitionState(controllerEpoch=36, leader=-1, leaderEpoch=33, isr=[1], zkVersion=33, replicas=[1], offlineReplicas=[]) for partition __consumer_offsets-47 in response to UpdateMetadata request sent by controller 2 epoch 36 with correlation id 2 (state.change.logger)
[2019-04-03 05:02:28,960] TRACE [Broker id=1] Cached leader info PartitionState(controllerEpoch=36, leader=-1, leaderEpoch=33, isr=[1], zkVersion=33, replicas=[1], offlineReplicas=[]) for partition __consumer_offsets-15 in response to UpdateMetadata request sent by controller 2 epoch 36 with correlation id 2 (state.change.logger)
[2019-04-03 05:02:28,960] TRACE [Broker id=1] Cached leader info PartitionState(controllerEpoch=36, leader=-1, leaderEpoch=33, isr=[1], zkVersion=33, replicas=[1], offlineReplicas=[]) for partition __consumer_offsets-11 in response to UpdateMetadata request sent by controller 2 epoch 36 with correlation id 2 (state.change.logger)
[2019-04-03 05:02:28,960] TRACE [Broker id=1] Cached leader info PartitionState(controllerEpoch=36, leader=-1, leaderEpoch=33, isr=[1], zkVersion=33, replicas=[1], offlineReplicas=[]) for partition __consumer_offsets-43 in response to UpdateMetadata request sent by controller 2 epoch 36 with correlation id 2 (state.change.logger)
[2019-04-03 05:02:28,960] TRACE [Broker id=1] Cached leader info PartitionState(controllerEpoch=36, leader=-1, leaderEpoch=33, isr=[1], zkVersion=33, replicas=[1], offlineReplicas=[]) for partition __consumer_offsets-23 in response to UpdateMetadata request sent by controller 2 epoch 36 with correlation id 2 (state.change.logger)
[2019-04-03 05:02:28,960] TRACE [Broker id=1] Cached leader info PartitionState(controllerEpoch=36, leader=-1, leaderEpoch=33, isr=[1], zkVersion=33, replicas=[1], offlineReplicas=[]) for partition __consumer_offsets-19 in response to UpdateMetadata request sent by controller 2 epoch 36 with correlation id 2 (state.change.logger)
[2019-04-03 05:02:28,960] TRACE [Broker id=1] Cached leader info PartitionState(controllerEpoch=36, leader=4, leaderEpoch=37, isr=[2, 3, 4, 1], zkVersion=84, replicas=[4, 1, 2, 3], offlineReplicas=[]) for partition mqtt-topic-1 in response to UpdateMetadata request sent by controller 2 epoch 36 with correlation id 2 (state.change.logger)
[2019-04-03 05:02:28,961] TRACE [Broker id=1] Cached leader info PartitionState(controllerEpoch=36, leader=-1, leaderEpoch=33, isr=[1], zkVersion=33, replicas=[1], offlineReplicas=[]) for partition __consumer_offsets-31 in response to UpdateMetadata request sent by controller 2 epoch 36 with correlation id 2 (state.change.logger)
[2019-04-03 05:02:28,961] TRACE [Broker id=1] Cached leader info PartitionState(controllerEpoch=36, leader=3, leaderEpoch=36, isr=[2, 3, 4, 1], zkVersion=86, replicas=[3, 4, 1, 2], offlineReplicas=[]) for partition mqtt-topic-0 in response to UpdateMetadata request sent by controller 2 epoch 36 with correlation id 2 (state.change.logger)
[2019-04-03 05:02:28,961] TRACE [Broker id=1] Cached leader info PartitionState(controllerEpoch=36, leader=2, leaderEpoch=36, isr=[2, 3, 4, 1], zkVersion=79, replicas=[2, 3, 4, 1], offlineReplicas=[]) for partition mqtt-topic-3 in response to UpdateMetadata request sent by controller 2 epoch 36 with correlation id 2 (state.change.logger)
[2019-04-03 05:02:28,961] TRACE [Broker id=1] Cached leader info PartitionState(controllerEpoch=36, leader=2, leaderEpoch=36, isr=[2, 3, 4, 1], zkVersion=79, replicas=[1, 2, 3, 4], offlineReplicas=[]) for partition mqtt-topic-2 in response to UpdateMetadata request sent by controller 2 epoch 36 with correlation id 2 (state.change.logger)
[2019-04-03 05:02:28,961] TRACE [Broker id=1] Cached leader info PartitionState(controllerEpoch=36, leader=-1, leaderEpoch=33, isr=[1], zkVersion=33, replicas=[1], offlineReplicas=[]) for partition __consumer_offsets-27 in response to UpdateMetadata request sent by controller 2 epoch 36 with correlation id 2 (state.change.logger)
[2019-04-03 05:02:28,961] TRACE [Broker id=1] Cached leader info PartitionState(controllerEpoch=36, leader=-1, leaderEpoch=33, isr=[1], zkVersion=33, replicas=[1], offlineReplicas=[]) for partition __consumer_offsets-7 in response to UpdateMetadata request sent by controller 2 epoch 36 with correlation id 2 (state.change.logger)
[2019-04-03 05:02:28,961] TRACE [Broker id=1] Cached leader info PartitionState(controllerEpoch=36, leader=-1, leaderEpoch=33, isr=[1], zkVersion=33, replicas=[1], offlineReplicas=[]) for partition __consumer_offsets-39 in response to UpdateMetadata request sent by controller 2 epoch 36 with correlation id 2 (state.change.logger)
[2019-04-03 05:02:28,961] TRACE [Broker id=1] Cached leader info PartitionState(controllerEpoch=36, leader=-1, leaderEpoch=33, isr=[1], zkVersion=33, replicas=[1], offlineReplicas=[]) for partition __consumer_offsets-35 in response to UpdateMetadata request sent by controller 2 epoch 36 with correlation id 2 (state.change.logger)
[2019-04-03 05:02:28,961] TRACE [Broker id=1] Cached leader info PartitionState(controllerEpoch=36, leader=-1, leaderEpoch=33, isr=[1], zkVersion=33, replicas=[1], offlineReplicas=[]) for partition __consumer_offsets-3 in response to UpdateMetadata request sent by controller 2 epoch 36 with correlation id 2 (state.change.logger)
[2019-04-03 05:02:28,964] TRACE [Broker id=1] Received LeaderAndIsr request PartitionState(controllerEpoch=36, leader=1, leaderEpoch=34, isr=1, zkVersion=34, replicas=1, isNew=false) correlation id 3 from controller 2 epoch 36 for partition __consumer_offsets-15 (state.change.logger)
[2019-04-03 05:02:28,964] TRACE [Broker id=1] Received LeaderAndIsr request PartitionState(controllerEpoch=36, leader=1, leaderEpoch=34, isr=1, zkVersion=34, replicas=1, isNew=false) correlation id 3 from controller 2 epoch 36 for partition __consumer_offsets-31 (state.change.logger)
[2019-04-03 05:02:28,964] TRACE [Broker id=1] Received LeaderAndIsr request PartitionState(controllerEpoch=36, leader=1, leaderEpoch=34, isr=1, zkVersion=34, replicas=1, isNew=false) correlation id 3 from controller 2 epoch 36 for partition __consumer_offsets-47 (state.change.logger)
[2019-04-03 05:02:28,964] TRACE [Broker id=1] Received LeaderAndIsr request PartitionState(controllerEpoch=36, leader=1, leaderEpoch=34, isr=1, zkVersion=34, replicas=1, isNew=false) correlation id 3 from controller 2 epoch 36 for partition __consumer_offsets-27 (state.change.logger)
[2019-04-03 05:02:28,964] TRACE [Broker id=1] Received LeaderAndIsr request PartitionState(controllerEpoch=36, leader=1, leaderEpoch=34, isr=1, zkVersion=34, replicas=1, isNew=false) correlation id 3 from controller 2 epoch 36 for partition __consumer_offsets-43 (state.change.logger)
[2019-04-03 05:02:28,965] TRACE [Broker id=1] Received LeaderAndIsr request PartitionState(controllerEpoch=36, leader=1, leaderEpoch=34, isr=1, zkVersion=34, replicas=1, isNew=false) correlation id 3 from controller 2 epoch 36 for partition __consumer_offsets-11 (state.change.logger)
[2019-04-03 05:02:28,965] TRACE [Broker id=1] Received LeaderAndIsr request PartitionState(controllerEpoch=36, leader=1, leaderEpoch=34, isr=1, zkVersion=34, replicas=1, isNew=false) correlation id 3 from controller 2 epoch 36 for partition __consumer_offsets-7 (state.change.logger)
[2019-04-03 05:02:28,965] TRACE [Broker id=1] Received LeaderAndIsr request PartitionState(controllerEpoch=36, leader=1, leaderEpoch=34, isr=1, zkVersion=34, replicas=1, isNew=false) correlation id 3 from controller 2 epoch 36 for partition __consumer_offsets-23 (state.change.logger)
[2019-04-03 05:02:28,965] TRACE [Broker id=1] Received LeaderAndIsr request PartitionState(controllerEpoch=36, leader=1, leaderEpoch=34, isr=1, zkVersion=34, replicas=1, isNew=false) correlation id 3 from controller 2 epoch 36 for partition __consumer_offsets-39 (state.change.logger)
[2019-04-03 05:02:28,965] TRACE [Broker id=1] Received LeaderAndIsr request PartitionState(controllerEpoch=36, leader=1, leaderEpoch=34, isr=1, zkVersion=34, replicas=1, isNew=false) correlation id 3 from controller 2 epoch 36 for partition __consumer_offsets-19 (state.change.logger)
[2019-04-03 05:02:28,965] TRACE [Broker id=1] Received LeaderAndIsr request PartitionState(controllerEpoch=36, leader=1, leaderEpoch=34, isr=1, zkVersion=34, replicas=1, isNew=false) correlation id 3 from controller 2 epoch 36 for partition __consumer_offsets-35 (state.change.logger)
[2019-04-03 05:02:28,965] TRACE [Broker id=1] Received LeaderAndIsr request PartitionState(controllerEpoch=36, leader=1, leaderEpoch=34, isr=1, zkVersion=34, replicas=1, isNew=false) correlation id 3 from controller 2 epoch 36 for partition __consumer_offsets-3 (state.change.logger)
[2019-04-03 05:02:28,966] TRACE [Broker id=1] Handling LeaderAndIsr request correlationId 3 from controller 2 epoch 36 starting the become-leader transition for partition __consumer_offsets-7 (state.change.logger)
[2019-04-03 05:02:28,966] TRACE [Broker id=1] Handling LeaderAndIsr request correlationId 3 from controller 2 epoch 36 starting the become-leader transition for partition __consumer_offsets-23 (state.change.logger)
[2019-04-03 05:02:28,966] TRACE [Broker id=1] Handling LeaderAndIsr request correlationId 3 from controller 2 epoch 36 starting the become-leader transition for partition __consumer_offsets-39 (state.change.logger)
[2019-04-03 05:02:28,966] TRACE [Broker id=1] Handling LeaderAndIsr request correlationId 3 from controller 2 epoch 36 starting the become-leader transition for partition __consumer_offsets-11 (state.change.logger)
[2019-04-03 05:02:28,966] TRACE [Broker id=1] Handling LeaderAndIsr request correlationId 3 from controller 2 epoch 36 starting the become-leader transition for partition __consumer_offsets-27 (state.change.logger)
[2019-04-03 05:02:28,966] TRACE [Broker id=1] Handling LeaderAndIsr request correlationId 3 from controller 2 epoch 36 starting the become-leader transition for partition __consumer_offsets-43 (state.change.logger)
[2019-04-03 05:02:28,966] TRACE [Broker id=1] Handling LeaderAndIsr request correlationId 3 from controller 2 epoch 36 starting the become-leader transition for partition __consumer_offsets-15 (state.change.logger)
[2019-04-03 05:02:28,966] TRACE [Broker id=1] Handling LeaderAndIsr request correlationId 3 from controller 2 epoch 36 starting the become-leader transition for partition __consumer_offsets-31 (state.change.logger)
[2019-04-03 05:02:28,966] TRACE [Broker id=1] Handling LeaderAndIsr request correlationId 3 from controller 2 epoch 36 starting the become-leader transition for partition __consumer_offsets-47 (state.change.logger)
[2019-04-03 05:02:28,966] TRACE [Broker id=1] Handling LeaderAndIsr request correlationId 3 from controller 2 epoch 36 starting the become-leader transition for partition __consumer_offsets-19 (state.change.logger)
[2019-04-03 05:02:28,968] TRACE [Broker id=1] Handling LeaderAndIsr request correlationId 3 from controller 2 epoch 36 starting the become-leader transition for partition __consumer_offsets-35 (state.change.logger)
[2019-04-03 05:02:28,968] TRACE [Broker id=1] Handling LeaderAndIsr request correlationId 3 from controller 2 epoch 36 starting the become-leader transition for partition __consumer_offsets-3 (state.change.logger)
[2019-04-03 05:02:31,250] INFO [Broker id=1] Skipped the become-leader state change after marking its partition as leader with correlation id 3 from controller 2 epoch 36 for partition __consumer_offsets-7 (last update controller epoch 36) since it is already the leader for the partition. (state.change.logger)
[2019-04-03 05:02:33,203] INFO [Broker id=1] Skipped the become-leader state change after marking its partition as leader with correlation id 3 from controller 2 epoch 36 for partition __consumer_offsets-23 (last update controller epoch 36) since it is already the leader for the partition. (state.change.logger)
[2019-04-03 05:02:33,545] INFO [Broker id=1] Skipped the become-leader state change after marking its partition as leader with correlation id 3 from controller 2 epoch 36 for partition __consumer_offsets-39 (last update controller epoch 36) since it is already the leader for the partition. (state.change.logger)
[2019-04-03 05:02:33,808] INFO [Broker id=1] Skipped the become-leader state change after marking its partition as leader with correlation id 3 from controller 2 epoch 36 for partition __consumer_offsets-11 (last update controller epoch 36) since it is already the leader for the partition. (state.change.logger)
[2019-04-03 05:02:34,034] INFO [Broker id=1] Skipped the become-leader state change after marking its partition as leader with correlation id 3 from controller 2 epoch 36 for partition __consumer_offsets-27 (last update controller epoch 36) since it is already the leader for the partition. (state.change.logger)
[2019-04-03 05:02:34,272] INFO [Broker id=1] Skipped the become-leader state change after marking its partition as leader with correlation id 3 from controller 2 epoch 36 for partition __consumer_offsets-43 (last update controller epoch 36) since it is already the leader for the partition. (state.change.logger)
[2019-04-03 05:02:34,992] INFO [Broker id=1] Skipped the become-leader state change after marking its partition as leader with correlation id 3 from controller 2 epoch 36 for partition __consumer_offsets-15 (last update controller epoch 36) since it is already the leader for the partition. (state.change.logger)
[2019-04-03 05:02:35,197] INFO [Broker id=1] Skipped the become-leader state change after marking its partition as leader with correlation id 3 from controller 2 epoch 36 for partition __consumer_offsets-31 (last update controller epoch 36) since it is already the leader for the partition. (state.change.logger)
[2019-04-03 05:02:35,364] INFO [Broker id=1] Skipped the become-leader state change after marking its partition as leader with correlation id 3 from controller 2 epoch 36 for partition __consumer_offsets-47 (last update controller epoch 36) since it is already the leader for the partition. (state.change.logger)
[2019-04-03 05:02:35,509] INFO [Broker id=1] Skipped the become-leader state change after marking its partition as leader with correlation id 3 from controller 2 epoch 36 for partition __consumer_offsets-19 (last update controller epoch 36) since it is already the leader for the partition. (state.change.logger)
[2019-04-03 05:02:35,695] INFO [Broker id=1] Skipped the become-leader state change after marking its partition as leader with correlation id 3 from controller 2 epoch 36 for partition __consumer_offsets-35 (last update controller epoch 36) since it is already the leader for the partition. (state.change.logger)
[2019-04-03 05:02:35,973] INFO [Broker id=1] Skipped the become-leader state change after marking its partition as leader with correlation id 3 from controller 2 epoch 36 for partition __consumer_offsets-3 (last update controller epoch 36) since it is already the leader for the partition. (state.change.logger)
[2019-04-03 05:02:35,974] TRACE [Broker id=1] Completed LeaderAndIsr request correlationId 3 from controller 2 epoch 36 for the become-leader transition for partition __consumer_offsets-7 (state.change.logger)
[2019-04-03 05:02:35,974] TRACE [Broker id=1] Completed LeaderAndIsr request correlationId 3 from controller 2 epoch 36 for the become-leader transition for partition __consumer_offsets-23 (state.change.logger)
[2019-04-03 05:02:35,974] TRACE [Broker id=1] Completed LeaderAndIsr request correlationId 3 from controller 2 epoch 36 for the become-leader transition for partition __consumer_offsets-39 (state.change.logger)
[2019-04-03 05:02:35,974] TRACE [Broker id=1] Completed LeaderAndIsr request correlationId 3 from controller 2 epoch 36 for the become-leader transition for partition __consumer_offsets-11 (state.change.logger)
[2019-04-03 05:02:35,974] TRACE [Broker id=1] Completed LeaderAndIsr request correlationId 3 from controller 2 epoch 36 for the become-leader transition for partition __consumer_offsets-27 (state.change.logger)
[2019-04-03 05:02:35,974] TRACE [Broker id=1] Completed LeaderAndIsr request correlationId 3 from controller 2 epoch 36 for the become-leader transition for partition __consumer_offsets-43 (state.change.logger)
[2019-04-03 05:02:35,974] TRACE [Broker id=1] Completed LeaderAndIsr request correlationId 3 from controller 2 epoch 36 for the become-leader transition for partition __consumer_offsets-15 (state.change.logger)
[2019-04-03 05:02:35,974] TRACE [Broker id=1] Completed LeaderAndIsr request correlationId 3 from controller 2 epoch 36 for the become-leader transition for partition __consumer_offsets-31 (state.change.logger)
[2019-04-03 05:02:35,974] TRACE [Broker id=1] Completed LeaderAndIsr request correlationId 3 from controller 2 epoch 36 for the become-leader transition for partition __consumer_offsets-47 (state.change.logger)
[2019-04-03 05:02:35,974] TRACE [Broker id=1] Completed LeaderAndIsr request correlationId 3 from controller 2 epoch 36 for the become-leader transition for partition __consumer_offsets-19 (state.change.logger)
[2019-04-03 05:02:35,975] TRACE [Broker id=1] Completed LeaderAndIsr request correlationId 3 from controller 2 epoch 36 for the become-leader transition for partition __consumer_offsets-35 (state.change.logger)
[2019-04-03 05:02:35,975] TRACE [Broker id=1] Completed LeaderAndIsr request correlationId 3 from controller 2 epoch 36 for the become-leader transition for partition __consumer_offsets-3 (state.change.logger)
[2019-04-03 05:02:35,980] TRACE [Broker id=1] Cached leader info PartitionState(controllerEpoch=36, leader=1, leaderEpoch=34, isr=[1], zkVersion=34, replicas=[1], offlineReplicas=[]) for partition __consumer_offsets-47 in response to UpdateMetadata request sent by controller 2 epoch 36 with correlation id 4 (state.change.logger)
[2019-04-03 05:02:35,980] TRACE [Broker id=1] Cached leader info PartitionState(controllerEpoch=36, leader=1, leaderEpoch=34, isr=[1], zkVersion=34, replicas=[1], offlineReplicas=[]) for partition __consumer_offsets-31 in response to UpdateMetadata request sent by controller 2 epoch 36 with correlation id 4 (state.change.logger)
[2019-04-03 05:02:35,980] TRACE [Broker id=1] Cached leader info PartitionState(controllerEpoch=36, leader=1, leaderEpoch=34, isr=[1], zkVersion=34, replicas=[1], offlineReplicas=[]) for partition __consumer_offsets-15 in response to UpdateMetadata request sent by controller 2 epoch 36 with correlation id 4 (state.change.logger)
[2019-04-03 05:02:35,980] TRACE [Broker id=1] Cached leader info PartitionState(controllerEpoch=36, leader=1, leaderEpoch=34, isr=[1], zkVersion=34, replicas=[1], offlineReplicas=[]) for partition __consumer_offsets-27 in response to UpdateMetadata request sent by controller 2 epoch 36 with correlation id 4 (state.change.logger)
[2019-04-03 05:02:35,980] TRACE [Broker id=1] Cached leader info PartitionState(controllerEpoch=36, leader=1, leaderEpoch=34, isr=[1], zkVersion=34, replicas=[1], offlineReplicas=[]) for partition __consumer_offsets-11 in response to UpdateMetadata request sent by controller 2 epoch 36 with correlation id 4 (state.change.logger)
[2019-04-03 05:02:35,980] TRACE [Broker id=1] Cached leader info PartitionState(controllerEpoch=36, leader=1, leaderEpoch=34, isr=[1], zkVersion=34, replicas=[1], offlineReplicas=[]) for partition __consumer_offsets-43 in response to UpdateMetadata request sent by controller 2 epoch 36 with correlation id 4 (state.change.logger)
[2019-04-03 05:02:35,980] TRACE [Broker id=1] Cached leader info PartitionState(controllerEpoch=36, leader=1, leaderEpoch=34, isr=[1], zkVersion=34, replicas=[1], offlineReplicas=[]) for partition __consumer_offsets-7 in response to UpdateMetadata request sent by controller 2 epoch 36 with correlation id 4 (state.change.logger)
[2019-04-03 05:02:35,980] TRACE [Broker id=1] Cached leader info PartitionState(controllerEpoch=36, leader=1, leaderEpoch=34, isr=[1], zkVersion=34, replicas=[1], offlineReplicas=[]) for partition __consumer_offsets-23 in response to UpdateMetadata request sent by controller 2 epoch 36 with correlation id 4 (state.change.logger)
[2019-04-03 05:02:35,981] TRACE [Broker id=1] Cached leader info PartitionState(controllerEpoch=36, leader=1, leaderEpoch=34, isr=[1], zkVersion=34, replicas=[1], offlineReplicas=[]) for partition __consumer_offsets-39 in response to UpdateMetadata request sent by controller 2 epoch 36 with correlation id 4 (state.change.logger)
[2019-04-03 05:02:35,981] TRACE [Broker id=1] Cached leader info PartitionState(controllerEpoch=36, leader=1, leaderEpoch=34, isr=[1], zkVersion=34, replicas=[1], offlineReplicas=[]) for partition __consumer_offsets-35 in response to UpdateMetadata request sent by controller 2 epoch 36 with correlation id 4 (state.change.logger)
[2019-04-03 05:02:35,981] TRACE [Broker id=1] Cached leader info PartitionState(controllerEpoch=36, leader=1, leaderEpoch=34, isr=[1], zkVersion=34, replicas=[1], offlineReplicas=[]) for partition __consumer_offsets-3 in response to UpdateMetadata request sent by controller 2 epoch 36 with correlation id 4 (state.change.logger)
[2019-04-03 05:02:35,981] TRACE [Broker id=1] Cached leader info PartitionState(controllerEpoch=36, leader=1, leaderEpoch=34, isr=[1], zkVersion=34, replicas=[1], offlineReplicas=[]) for partition __consumer_offsets-19 in response to UpdateMetadata request sent by controller 2 epoch 36 with correlation id 4 (state.change.logger)
